#
# A fatal error has been detected by the Java Runtime Environment:
#
#  EXCEPTION_ACCESS_VIOLATION (0xc0000005) at pc=0x0000000067dd0796, pid=6428, tid=0x000000000000239c
#
# JRE version: Java(TM) SE Runtime Environment (8.0_101-b13) (build 1.8.0_101-b13)
# Java VM: Java HotSpot(TM) 64-Bit Server VM (25.101-b13 mixed mode windows-amd64 compressed oops)
# Problematic frame:
# V  [jvm.dll+0x3f0796]
#
# Failed to write core dump. Minidumps are not enabled by default on client versions of Windows
#
# If you would like to submit a bug report, please visit:
#   http://bugreport.java.com/bugreport/crash.jsp
#

---------------  T H R E A D  ---------------

Current thread (0x0000000002611000):  GCTaskThread [stack: 0x0000000012fb0000,0x00000000130b0000] [id=9116]

siginfo: ExceptionCode=0xc0000005, reading address 0x0000000000000008

Registers:
RAX=0x000000000000003c, RBX=0x00000006c09bffe0, RCX=0x0000000000000003, RDX=0x00000000d8137f80
RSP=0x00000000130af6e0, RBP=0x000000000000000c, RSI=0x00000006c09bffe0, RDI=0x00000006c09c0000
R8 =0x0000000000000000, R9 =0x00000000026092d0, R10=0x0000000012590000, R11=0x000000000ef90000
R12=0x00000006c09d0000, R13=0x000000001c2377c0, R14=0x0000000002609110, R15=0x00000000026092d0
RIP=0x0000000067dd0796, EFLAGS=0x0000000000010246

Top of Stack: (sp=0x00000000130af6e0)
0x00000000130af6e0:   0000000011d8485a 00000006c090dc28
0x00000000130af6f0:   000000001c2377c0 0000000011d84c5f
0x00000000130af700:   00000006c0990008 0000000067dd093d
0x00000000130af710:   0000000011d84e80 00000006c09c0000
0x00000000130af720:   0000000011d84c81 00000006c090b651
0x00000000130af730:   0000000011d84e00 0000000011d8d37c
0x00000000130af740:   0000000000000200 0000000000000000
0x00000000130af750:   000000000026d360 000000000260a410
0x00000000130af760:   0000000068033568 0000000000000000
0x00000000130af770:   0000000000000000 000000001c125710
0x00000000130af780:   0000000002611440 0000000002611430
0x00000000130af790:   000000001c2377c0 0000000067de35d2
0x00000000130af7a0:   0000000011d84e00 00000000026092d0
0x00000000130af7b0:   00000006c09d0000 00000006c1a6f648
0x00000000130af7c0:   000000001c2377c0 0000000000000000
0x00000000130af7d0:   0000000000000004 0000000002606060 

Instructions: (pc=0x0000000067dd0796)
0x0000000067dd0776:   00 48 8b f3 74 16 44 8b 43 08 8b 0d 1a e0 3a 00
0x0000000067dd0786:   49 d3 e0 4c 03 05 08 e0 3a 00 eb 04 4c 8b 43 08
0x0000000067dd0796:   45 8b 48 08 45 85 c9 7e 0c 41 f6 c1 01 75 53 41
0x0000000067dd07a6:   c1 f9 03 eb 5f 79 4b 80 3d bd ab 41 00 00 4c 63 


Register to memory mapping:

RAX=0x000000000000003c is an unknown value
RBX=
[error occurred during error reporting (printing register info), id 0xc0000005]

Stack: [0x0000000012fb0000,0x00000000130b0000],  sp=0x00000000130af6e0,  free space=1021k
Native frames: (J=compiled Java code, j=interpreted, Vv=VM code, C=native code)
V  [jvm.dll+0x3f0796]
V  [jvm.dll+0x3f093d]
V  [jvm.dll+0x4035d2]
V  [jvm.dll+0x3f25ce]
V  [jvm.dll+0x29c18a]
C  [msvcr100.dll+0x21d9f]
C  [msvcr100.dll+0x21e3b]
C  [kernel32.dll+0x159cd]
C  [ntdll.dll+0x2a561]


---------------  P R O C E S S  ---------------

Java Threads: ( => current thread )
  0x000000001d8b8000 JavaThread "pool-2-thread-4" [_thread_blocked, id=9256, stack(0x000000001e8b0000,0x000000001e9b0000)]
  0x000000001d8b2000 JavaThread "pool-2-thread-3" [_thread_blocked, id=9548, stack(0x000000001e6a0000,0x000000001e7a0000)]
  0x000000001d78b000 JavaThread "pool-2-thread-2" [_thread_blocked, id=9244, stack(0x000000001e500000,0x000000001e600000)]
  0x000000001d783000 JavaThread "pool-3-thread-1" [_thread_blocked, id=5428, stack(0x000000001e2d0000,0x000000001e3d0000)]
  0x000000001d780800 JavaThread "pool-2-thread-1" [_thread_blocked, id=10188, stack(0x000000001e1d0000,0x000000001e2d0000)]
  0x000000001d645800 JavaThread "Service Thread" daemon [_thread_blocked, id=3992, stack(0x000000001e0b0000,0x000000001e1b0000)]
  0x000000001d62d800 JavaThread "C1 CompilerThread2" daemon [_thread_blocked, id=1648, stack(0x000000001dfb0000,0x000000001e0b0000)]
  0x000000001d5d4000 JavaThread "C2 CompilerThread1" daemon [_thread_blocked, id=9952, stack(0x000000001de10000,0x000000001df10000)]
  0x000000001c2ab000 JavaThread "C2 CompilerThread0" daemon [_thread_blocked, id=8432, stack(0x000000001d9c0000,0x000000001dac0000)]
  0x000000001d5ca800 JavaThread "Attach Listener" daemon [_thread_blocked, id=3936, stack(0x000000001db80000,0x000000001dc80000)]
  0x000000001c2a9000 JavaThread "Signal Dispatcher" daemon [_thread_blocked, id=10080, stack(0x000000001d080000,0x000000001d180000)]
  0x000000001c28b000 JavaThread "Finalizer" daemon [_thread_blocked, id=8196, stack(0x000000001d4c0000,0x000000001d5c0000)]
  0x000000001c242000 JavaThread "Reference Handler" daemon [_thread_blocked, id=8368, stack(0x000000001d3a0000,0x000000001d4a0000)]
  0x000000000026e800 JavaThread "main" [_thread_blocked, id=5584, stack(0x00000000028c0000,0x00000000029c0000)]

Other Threads:
  0x000000001c23a800 VMThread [stack: 0x000000001d260000,0x000000001d360000] [id=9936]
  0x000000001d697000 WatcherThread [stack: 0x000000001dcc0000,0x000000001ddc0000] [id=1220]

=>0x0000000002611000 (exited) GCTaskThread [stack: 0x0000000012fb0000,0x00000000130b0000] [id=9116]

VM state:at safepoint (normal execution)

VM Mutex/Monitor currently owned by a thread:  ([mutex/lock_event])
[0x000000000026c160] Threads_lock - owner thread: 0x000000001c23a800
[0x000000000026c660] Heap_lock - owner thread: 0x000000001d8b2000

Heap:
 PSYoungGen      total 138240K, used 138219K [0x000000076ab00000, 0x0000000773700000, 0x00000007c0000000)
  eden space 133120K, 100% used [0x000000076ab00000,0x0000000772d00000,0x0000000772d00000)
  from space 5120K, 99% used [0x0000000773200000,0x00000007736fac60,0x0000000773700000)
  to   space 5120K, 99% used [0x0000000772d00000,0x00000007731f96b0,0x0000000773200000)
 ParOldGen       total 87552K, used 41944K [0x00000006c0000000, 0x00000006c5580000, 0x000000076ab00000)
  object space 87552K, 47% used [0x00000006c0000000,0x00000006c28f63d0,0x00000006c5580000)
 Metaspace       used 6147K, capacity 7152K, committed 7296K, reserved 1056768K
  class space    used 590K, capacity 616K, committed 640K, reserved 1048576K

Card table byte_map: [0x0000000011d80000,0x0000000012590000] byte_map_base: 0x000000000e780000

Marking Bits: (ParMarkBitMap*) 0x00000000681fa6d0
 Begin Bits: [0x00000000130b0000, 0x00000000170b0000)
 End Bits:   [0x00000000170b0000, 0x000000001b0b0000)

Polling page: 0x0000000000240000

CodeCache: size=245760Kb used=9467Kb max_used=9483Kb free=236292Kb
 bounds [0x00000000029c0000, 0x0000000003320000, 0x00000000119c0000]
 total_blobs=2168 nmethods=1904 adapters=177
 compilation: enabled

Compilation events (10 events):
Event: 12.566 Thread 0x000000001d62d800 2050       2       com.android.dx.ssa.SsaMethod$1::visitMoveInsn (17 bytes)
Event: 12.566 Thread 0x000000001d62d800 nmethod 2050 0x00000000032ddb90 code [0x00000000032ddd00, 0x00000000032ddf10]
Event: 12.567 Thread 0x000000001d62d800 2051       2       com.android.dx.ssa.SetFactory::makeLivenessSet (26 bytes)
Event: 12.568 Thread 0x000000001d62d800 nmethod 2051 0x000000000329fa10 code [0x000000000329fbc0, 0x00000000032a0098]
Event: 12.568 Thread 0x000000001c2ab000 nmethod 2027 0x00000000032eca90 code [0x00000000032ecc20, 0x00000000032ed288]
Event: 12.568 Thread 0x000000001c2ab000 2000 %     4       com.android.dx.util.Bits::or @ 2 (24 bytes)
Event: 12.571 Thread 0x000000001d62d800 2053       2       com.android.dx.ssa.PhiInsn::changeResultType (17 bytes)
Event: 12.571 Thread 0x000000001d62d800 nmethod 2053 0x00000000032c1410 code [0x00000000032c1580, 0x00000000032c17d8]
Event: 12.603 Thread 0x000000001c2ab000 nmethod 2000% 0x000000000329f590 code [0x000000000329f6e0, 0x000000000329f8d8]
Event: 12.603 Thread 0x000000001c2ab000 2054 %     4       com.android.dx.ssa.Dominators::run @ 89 (506 bytes)

GC Heap History (9 events):
Event: 4.697 GC heap before
{Heap before GC invocations=1 (full 0):
 PSYoungGen      total 38400K, used 33280K [0x000000076ab00000, 0x000000076d580000, 0x00000007c0000000)
  eden space 33280K, 100% used [0x000000076ab00000,0x000000076cb80000,0x000000076cb80000)
  from space 5120K, 0% used [0x000000076d080000,0x000000076d080000,0x000000076d580000)
  to   space 5120K, 0% used [0x000000076cb80000,0x000000076cb80000,0x000000076d080000)
 ParOldGen       total 87552K, used 0K [0x00000006c0000000, 0x00000006c5580000, 0x000000076ab00000)
  object space 87552K, 0% used [0x00000006c0000000,0x00000006c0000000,0x00000006c5580000)
 Metaspace       used 5732K, capacity 6832K, committed 7040K, reserved 1056768K
  class space    used 577K, capacity 616K, committed 640K, reserved 1048576K
Event: 5.175 GC heap after
Heap after GC invocations=1 (full 0):
 PSYoungGen      total 38400K, used 5116K [0x000000076ab00000, 0x000000076f600000, 0x00000007c0000000)
  eden space 33280K, 0% used [0x000000076ab00000,0x000000076ab00000,0x000000076cb80000)
  from space 5120K, 99% used [0x000000076cb80000,0x000000076d07f180,0x000000076d080000)
  to   space 5120K, 0% used [0x000000076f100000,0x000000076f100000,0x000000076f600000)
 ParOldGen       total 87552K, used 1823K [0x00000006c0000000, 0x00000006c5580000, 0x000000076ab00000)
  object space 87552K, 2% used [0x00000006c0000000,0x00000006c01c7eb8,0x00000006c5580000)
 Metaspace       used 5732K, capacity 6832K, committed 7040K, reserved 1056768K
  class space    used 577K, capacity 616K, committed 640K, reserved 1048576K
}
Event: 7.767 GC heap before
{Heap before GC invocations=2 (full 0):
 PSYoungGen      total 38400K, used 38396K [0x000000076ab00000, 0x000000076f600000, 0x00000007c0000000)
  eden space 33280K, 100% used [0x000000076ab00000,0x000000076cb80000,0x000000076cb80000)
  from space 5120K, 99% used [0x000000076cb80000,0x000000076d07f180,0x000000076d080000)
  to   space 5120K, 0% used [0x000000076f100000,0x000000076f100000,0x000000076f600000)
 ParOldGen       total 87552K, used 1823K [0x00000006c0000000, 0x00000006c5580000, 0x000000076ab00000)
  object space 87552K, 2% used [0x00000006c0000000,0x00000006c01c7eb8,0x00000006c5580000)
 Metaspace       used 5969K, capacity 7024K, committed 7296K, reserved 1056768K
  class space    used 588K, capacity 616K, committed 640K, reserved 1048576K
Event: 8.076 GC heap after
Heap after GC invocations=2 (full 0):
 PSYoungGen      total 71680K, used 5113K [0x000000076ab00000, 0x000000076f600000, 0x00000007c0000000)
  eden space 66560K, 0% used [0x000000076ab00000,0x000000076ab00000,0x000000076ec00000)
  from space 5120K, 99% used [0x000000076f100000,0x000000076f5fe738,0x000000076f600000)
  to   space 5120K, 0% used [0x000000076ec00000,0x000000076ec00000,0x000000076f100000)
 ParOldGen       total 87552K, used 7234K [0x00000006c0000000, 0x00000006c5580000, 0x000000076ab00000)
  object space 87552K, 8% used [0x00000006c0000000,0x00000006c0710be0,0x00000006c5580000)
 Metaspace       used 5969K, capacity 7024K, committed 7296K, reserved 1056768K
  class space    used 588K, capacity 616K, committed 640K, reserved 1048576K
}
Event: 8.562 GC heap before
{Heap before GC invocations=3 (full 0):
 PSYoungGen      total 71680K, used 71673K [0x000000076ab00000, 0x000000076f600000, 0x00000007c0000000)
  eden space 66560K, 100% used [0x000000076ab00000,0x000000076ec00000,0x000000076ec00000)
  from space 5120K, 99% used [0x000000076f100000,0x000000076f5fe738,0x000000076f600000)
  to   space 5120K, 0% used [0x000000076ec00000,0x000000076ec00000,0x000000076f100000)
 ParOldGen       total 87552K, used 7234K [0x00000006c0000000, 0x00000006c5580000, 0x000000076ab00000)
  object space 87552K, 8% used [0x00000006c0000000,0x00000006c0710be0,0x00000006c5580000)
 Metaspace       used 6094K, capacity 7088K, committed 7296K, reserved 1056768K
  class space    used 589K, capacity 616K, committed 640K, reserved 1048576K
Event: 9.477 GC heap after
Heap after GC invocations=3 (full 0):
 PSYoungGen      total 71680K, used 5101K [0x000000076ab00000, 0x0000000773700000, 0x00000007c0000000)
  eden space 66560K, 0% used [0x000000076ab00000,0x000000076ab00000,0x000000076ec00000)
  from space 5120K, 99% used [0x000000076ec00000,0x000000076f0fb470,0x000000076f100000)
  to   space 5120K, 0% used [0x0000000773200000,0x0000000773200000,0x0000000773700000)
 ParOldGen       total 87552K, used 16919K [0x00000006c0000000, 0x00000006c5580000, 0x000000076ab00000)
  object space 87552K, 19% used [0x00000006c0000000,0x00000006c1085fb8,0x00000006c5580000)
 Metaspace       used 6094K, capacity 7088K, committed 7296K, reserved 1056768K
  class space    used 589K, capacity 616K, committed 640K, reserved 1048576K
}
Event: 11.615 GC heap before
{Heap before GC invocations=4 (full 0):
 PSYoungGen      total 71680K, used 71661K [0x000000076ab00000, 0x0000000773700000, 0x00000007c0000000)
  eden space 66560K, 100% used [0x000000076ab00000,0x000000076ec00000,0x000000076ec00000)
  from space 5120K, 99% used [0x000000076ec00000,0x000000076f0fb470,0x000000076f100000)
  to   space 5120K, 0% used [0x0000000773200000,0x0000000773200000,0x0000000773700000)
 ParOldGen       total 87552K, used 16919K [0x00000006c0000000, 0x00000006c5580000, 0x000000076ab00000)
  object space 87552K, 19% used [0x00000006c0000000,0x00000006c1085fb8,0x00000006c5580000)
 Metaspace       used 6120K, capacity 7152K, committed 7296K, reserved 1056768K
  class space    used 589K, capacity 616K, committed 640K, reserved 1048576K
Event: 11.656 GC heap after
Heap after GC invocations=4 (full 0):
 PSYoungGen      total 138240K, used 5099K [0x000000076ab00000, 0x0000000773700000, 0x00000007c0000000)
  eden space 133120K, 0% used [0x000000076ab00000,0x000000076ab00000,0x0000000772d00000)
  from space 5120K, 99% used [0x0000000773200000,0x00000007736fac60,0x0000000773700000)
  to   space 5120K, 0% used [0x0000000772d00000,0x0000000772d00000,0x0000000773200000)
 ParOldGen       total 87552K, used 27069K [0x00000006c0000000, 0x00000006c5580000, 0x000000076ab00000)
  object space 87552K, 30% used [0x00000006c0000000,0x00000006c1a6f648,0x00000006c5580000)
 Metaspace       used 6120K, capacity 7152K, committed 7296K, reserved 1056768K
  class space    used 589K, capacity 616K, committed 640K, reserved 1048576K
}
Event: 12.922 GC heap before
{Heap before GC invocations=5 (full 0):
 PSYoungGen      total 138240K, used 138219K [0x000000076ab00000, 0x0000000773700000, 0x00000007c0000000)
  eden space 133120K, 100% used [0x000000076ab00000,0x0000000772d00000,0x0000000772d00000)
  from space 5120K, 99% used [0x0000000773200000,0x00000007736fac60,0x0000000773700000)
  to   space 5120K, 0% used [0x0000000772d00000,0x0000000772d00000,0x0000000773200000)
 ParOldGen       total 87552K, used 27069K [0x00000006c0000000, 0x00000006c5580000, 0x000000076ab00000)
  object space 87552K, 30% used [0x00000006c0000000,0x00000006c1a6f648,0x00000006c5580000)
 Metaspace       used 6147K, capacity 7152K, committed 7296K, reserved 1056768K
  class space    used 590K, capacity 616K, committed 640K, reserved 1048576K

Deoptimization events (10 events):
Event: 8.550 Thread 0x000000001d78b000 Uncommon trap: reason=unstable_if action=reinterpret pc=0x0000000002fe3ff4 method=com.android.dx.dex.code.RopTranslator.outputBlock(Lcom/android/dx/rop/code/BasicBlock;I)V @ 132
Event: 9.996 Thread 0x000000001d78b000 Uncommon trap: reason=unstable_if action=reinterpret pc=0x00000000031dbe38 method=com.android.dx.rop.cst.CstLiteral32.equals(Ljava/lang/Object;)Z @ 12
Event: 11.674 Thread 0x000000001d78b000 Uncommon trap: reason=class_check action=maybe_recompile pc=0x0000000003207b20 method=com.android.dx.cf.code.RopperMachine.run(Lcom/android/dx/cf/code/Frame;II)V @ 988
Event: 11.675 Thread 0x000000001d78b000 Uncommon trap: reason=unstable_if action=reinterpret pc=0x000000000318a850 method=com.android.dx.ssa.LiteralOpUpgrader$1.visitNonMoveInsn(Lcom/android/dx/ssa/NormalSsaInsn;)V @ 151
Event: 11.678 Thread 0x000000001d78b000 Uncommon trap: reason=unstable_if action=reinterpret pc=0x0000000002f0e1d8 method=java.util.BitSet.clone()Ljava/lang/Object; @ 4
Event: 11.752 Thread 0x000000001d8b2000 Uncommon trap: reason=predicate action=maybe_recompile pc=0x000000000322f73c method=com.android.dx.ssa.DomFront.run()[Lcom/android/dx/ssa/DomFront$DomInfo; @ 175
Event: 11.776 Thread 0x000000001d8b2000 Uncommon trap: reason=class_check action=maybe_recompile pc=0x00000000031ea43c method=com.android.dx.ssa.SsaConverter.placePhiFunctions(Lcom/android/dx/ssa/SsaMethod;Lcom/android/dx/ssa/LocalVariableInfo;I)V @ 257
Event: 11.924 Thread 0x000000001d8b2000 Uncommon trap: reason=class_check action=maybe_recompile pc=0x00000000031ea43c method=com.android.dx.ssa.SsaConverter.placePhiFunctions(Lcom/android/dx/ssa/SsaMethod;Lcom/android/dx/ssa/LocalVariableInfo;I)V @ 257
Event: 12.297 Thread 0x000000001d78b000 Uncommon trap: reason=unstable_if action=reinterpret pc=0x00000000031aacc8 method=com.android.dx.cf.code.RopperMachine.jopToRopOpcode(ILcom/android/dx/rop/cst/Constant;)I @ 986
Event: 12.379 Thread 0x000000001d78b000 Uncommon trap: reason=class_check action=maybe_recompile pc=0x00000000031ea43c method=com.android.dx.ssa.SsaConverter.placePhiFunctions(Lcom/android/dx/ssa/SsaMethod;Lcom/android/dx/ssa/LocalVariableInfo;I)V @ 257

Internal exceptions (3 events):
Event: 0.034 Thread 0x000000000026e800 Exception <a 'java/lang/NoSuchMethodError': Method sun.misc.Unsafe.defineClass(Ljava/lang/String;[BII)Ljava/lang/Class; name or signature does not match> (0x000000076ab07cc0) thrown at [C:\re\workspace\8-2-build-windows-amd64-cygwin\jdk8u101\7261\hotspot\szÖ≈
À@°?
Event: 0.034 Thread 0x000000000026e800 Exception <a 'java/lang/NoSuchMethodError': Method sun.misc.Unsafe.prefetchRead(Ljava/lang/Object;J)V name or signature does not match> (0x000000076ab07fa8) thrown at [C:\re\workspace\8-2-build-windows-amd64-cygwin\jdk8u101\7261\hotspot\src\share\vm\prims\WÌçiì@
Event: 7.023 Thread 0x000000001d780800 Implicit null exception at 0x0000000002cbd0a2 to 0x0000000002cbd1b1

Events (10 events):
Event: 12.402 Thread 0x000000001d78b000 DEOPT UNPACKING pc=0x0000000002a0787f sp=0x000000001e5fe418 mode 0
Event: 12.403 Thread 0x000000001d78b000 DEOPT PACKING pc=0x000000000306da41 sp=0x000000001e5fe680
Event: 12.403 Thread 0x000000001d78b000 DEOPT UNPACKING pc=0x0000000002a0787f sp=0x000000001e5fe418 mode 0
Event: 12.403 Thread 0x000000001d78b000 DEOPT PACKING pc=0x000000000306da41 sp=0x000000001e5fe680
Event: 12.403 Thread 0x000000001d78b000 DEOPT UNPACKING pc=0x0000000002a0787f sp=0x000000001e5fe418 mode 0
Event: 12.411 Thread 0x000000001d780800 DEOPT PACKING pc=0x000000000306da41 sp=0x000000001e2ce580
Event: 12.411 Thread 0x000000001d780800 DEOPT UNPACKING pc=0x0000000002a0787f sp=0x000000001e2ce318 mode 0
Event: 12.555 Thread 0x000000001d8b2000 DEOPT PACKING pc=0x0000000002ea71cb sp=0x000000001e79eaf0
Event: 12.555 Thread 0x000000001d8b2000 DEOPT UNPACKING pc=0x0000000002a0787f sp=0x000000001e79e848 mode 0
Event: 12.618 Executing VM operation: ParallelGCFailedAllocation


Dynamic libraries:
0x000000013fab0000 - 0x000000013fae7000 	F:\wesley\jdk_8u101\jdk\bin\java.exe
0x0000000077bc0000 - 0x0000000077d6a000 	C:\Windows\SYSTEM32\ntdll.dll
0x0000000077620000 - 0x000000007773f000 	C:\Windows\system32\kernel32.dll
0x000007fefe200000 - 0x000007fefe26a000 	C:\Windows\system32\KERNELBASE.dll
0x000007feff540000 - 0x000007feff61b000 	C:\Windows\system32\ADVAPI32.dll
0x000007feff620000 - 0x000007feff6bf000 	C:\Windows\system32\msvcrt.dll
0x000007feffcd0000 - 0x000007feffcef000 	C:\Windows\SYSTEM32\sechost.dll
0x000007fefe400000 - 0x000007fefe52d000 	C:\Windows\system32\RPCRT4.dll
0x0000000077740000 - 0x000000007783a000 	C:\Windows\system32\USER32.dll
0x000007feffae0000 - 0x000007feffb47000 	C:\Windows\system32\GDI32.dll
0x000007feff8f0000 - 0x000007feff8fe000 	C:\Windows\system32\LPK.dll
0x000007feffc00000 - 0x000007feffccb000 	C:\Windows\system32\USP10.dll
0x000007fefca20000 - 0x000007fefcc14000 	C:\Windows\WinSxS\amd64_microsoft.windows.common-controls_6595b64144ccf1df_6.0.7601.18837_none_fa3b1e3d17594757\COMCTL32.dll
0x000007feff9e0000 - 0x000007feffa51000 	C:\Windows\system32\SHLWAPI.dll
0x000007fefdec0000 - 0x000007fefdf17000 	C:\Windows\system32\apphelp.dll
0x000007fef3330000 - 0x000007fef3381000 	C:\Windows\AppPatch\AppPatch64\AcGenral.DLL
0x000007fefde90000 - 0x000007fefdeb5000 	C:\Windows\system32\SspiCli.dll
0x000007fefe530000 - 0x000007fefe72c000 	C:\Windows\system32\ole32.dll
0x000007fefe760000 - 0x000007feff4eb000 	C:\Windows\system32\SHELL32.dll
0x00000000729b0000 - 0x00000000729b3000 	C:\Windows\system32\sfc.dll
0x000007fef8420000 - 0x000007fef8430000 	C:\Windows\system32\sfc_os.DLL
0x000007fefd350000 - 0x000007fefd36e000 	C:\Windows\system32\USERENV.dll
0x000007fefe030000 - 0x000007fefe03f000 	C:\Windows\system32\profapi.dll
0x000007fefc3b0000 - 0x000007fefc3c8000 	C:\Windows\system32\dwmapi.dll
0x000007fefad80000 - 0x000007fefad98000 	C:\Windows\system32\MPR.dll
0x000007fefe730000 - 0x000007fefe75e000 	C:\Windows\system32\IMM32.DLL
0x000007feff6c0000 - 0x000007feff7c9000 	C:\Windows\system32\MSCTF.dll
0x0000000068280000 - 0x0000000068352000 	F:\wesley\jdk_8u101\jdk\jre\bin\msvcr100.dll
0x00000000679e0000 - 0x000000006827a000 	F:\wesley\jdk_8u101\jdk\jre\bin\server\jvm.dll
0x000007fefc230000 - 0x000007fefc239000 	C:\Windows\system32\WSOCK32.dll
0x000007feff4f0000 - 0x000007feff53d000 	C:\Windows\system32\WS2_32.dll
0x000007feffbf0000 - 0x000007feffbf8000 	C:\Windows\system32\NSI.dll
0x000007fefadb0000 - 0x000007fefadeb000 	C:\Windows\system32\WINMM.dll
0x000007fefd160000 - 0x000007fefd16c000 	C:\Windows\system32\VERSION.dll
0x0000000077d90000 - 0x0000000077d97000 	C:\Windows\system32\PSAPI.DLL
0x000000006f950000 - 0x000000006f95f000 	F:\wesley\jdk_8u101\jdk\jre\bin\verify.dll
0x000000006ad10000 - 0x000000006ad39000 	F:\wesley\jdk_8u101\jdk\jre\bin\java.dll
0x000000006c600000 - 0x000000006c616000 	F:\wesley\jdk_8u101\jdk\jre\bin\zip.dll
0x000007fefadf0000 - 0x000007fefaf15000 	C:\Windows\system32\dbghelp.dll

VM Arguments:
jvm_args: -Djava.awt.headless=true -Xmx4g -Dfile.encoding=GBK -Duser.country=CN -Duser.language=zh -Duser.variant 
java_command: com.android.dx.command.Main --dex --force-jumbo --num-threads=4 --multi-dex --output F:\wesley\android_studio\workspace\zf_mobile_7.0\Zf_mobile\app\build\intermediates\transforms\dex\dev\debug\folders\1000\5\slice_9 F:\wesley\android_studio\workspace\zf_mobile_7.0\Zf_mobile\app\build\intermediates\transforms\instantRunSlicer\dev\debug\folders\1\5\slice_9
java_class_path (initial): C:\Users\Administrator\AppData\Local\Android\sdk\build-tools\25.0.2\lib\dx.jar
Launcher Type: SUN_STANDARD

Environment Variables:
JAVA_HOME=F:\wesley\jdk_8u101\jdk
PATH=F:\company_software\zhitu\image_magick\ImageMagick-7.0.1-Q16;F:\wesley\jdk_8u101\jdk\bin;C:\ProgramData\Oracle\Java\javapath;C:\Windows\system32;C:\Windows;C:\Windows\System32\Wbem;C:\Windows\System32\WindowsPowerShell\v1.0\;F:\wesley\svn_1.8.10\svn_1.8.10\bin;F:\wesley\git_2.10.0\git_2.10.0\Git\cmd
USERNAME=Administrator
OS=Windows_NT
PROCESSOR_IDENTIFIER=Intel64 Family 6 Model 60 Stepping 3, GenuineIntel



---------------  S Y S T E M  ---------------

OS: Windows 7 , 64 bit Build 7601 (6.1.7601.23807)

CPU:total 4 (4 cores per cpu, 1 threads per core) family 6 model 60 stepping 3, cmov, cx8, fxsr, mmx, sse, sse2, sse3, ssse3, sse4.1, sse4.2, popcnt, avx, avx2, aes, clmul, erms, lzcnt, tsc, tscinvbit, bmi1, bmi2

Memory: 4k page, physical 8281508k(22860k free), swap 16561156k(4361808k free)

vm_info: Java HotSpot(TM) 64-Bit Server VM (25.101-b13) for windows-amd64 JRE (1.8.0_101-b13), built on Jun 22 2016 01:21:29 by "java_re" with MS VC++ 10.0 (VS2010)

time: Thu Jul 20 12:50:44 2017
elapsed time: 13 seconds (0d 0h 0m 13s)

