#
# A fatal error has been detected by the Java Runtime Environment:
#
#  EXCEPTION_ACCESS_VIOLATION (0xc0000005) at pc=0x000000006108467b, pid=8088, tid=0x0000000000001a78
#
# JRE version: Java(TM) SE Runtime Environment (8.0_101-b13) (build 1.8.0_101-b13)
# Java VM: Java HotSpot(TM) 64-Bit Server VM (25.101-b13 mixed mode windows-amd64 compressed oops)
# Problematic frame:
# V  [jvm.dll+0x11467b]
#
# Failed to write core dump. Minidumps are not enabled by default on client versions of Windows
#
# If you would like to submit a bug report, please visit:
#   http://bugreport.java.com/bugreport/crash.jsp
#

---------------  T H R E A D  ---------------

Current thread (0x000000000265e000):  GCTaskThread [stack: 0x0000000012cc0000,0x0000000012dc0000] [id=6776]

siginfo: ExceptionCode=0xc0000005, reading address 0x0000000000000008

Registers:
RAX=0x0000000013140000, RBX=0x00000006d11479c8, RCX=0x0000000000000003, RDX=0x0000000000000001
RSP=0x0000000012dbf790, RBP=0x00000006d1145f74, RSI=0x0000000000000005, RDI=0x000000001c246e90
R8 =0x0000000000000000, R9 =0x0000000000000005, R10=0x000000000000000c, R11=0x0000000000000571
R12=0x00000006d1145f88, R13=0x00000007c0095898, R14=0x00000007c00958a0, R15=0x00000006d1145f60
RIP=0x000000006108467b, EFLAGS=0x0000000000010246

Top of Stack: (sp=0x0000000012dbf790)
0x0000000012dbf790:   00000006d1145f88 00000006d1145f70
0x0000000012dbf7a0:   0000000000000005 000000001c246e90
0x0000000012dbf7b0:   0000000000000000 000000000265e4b0
0x0000000012dbf7c0:   000000000265a250 00000007a4c20de8
0x0000000012dbf7d0:   0000000000000571 0000000061367a50
0x0000000012dbf7e0:   000000001c892bc8 0000000000000400
0x0000000012dbf7f0:   000000001c246e90 00000000615c1da8
0x0000000012dbf800:   0000170a00000383 0000170b00000383
0x0000000012dbf810:   00000007a4c21df4 00000007a4c20de8
0x0000000012dbf820:   0000000600000400 00000000610aa371
0x0000000012dbf830:   000000001c247690 0000066e0000011c
0x0000000012dbf840:   000000000265e000 000000000265a250
0x0000000012dbf850:   000000000265e4c0 000000000265e4b0
0x0000000012dbf860:   00000000615c1da8 0000000000000001
0x0000000012dbf870:   000000002044acf0 0000000000000000
0x0000000012dbf880:   000000001c246e90 0000000061365360 

Instructions: (pc=0x000000006108467b)
0x000000006108465b:   6f 00 84 d2 74 16 44 8b 43 08 8b 0d 35 a1 68 00
0x000000006108466b:   49 d3 e0 4c 03 05 23 a1 68 00 eb 04 4c 8b 43 08
0x000000006108467b:   45 8b 48 08 45 85 c9 7e 0c 41 f6 c1 01 75 4b 41
0x000000006108468b:   c1 f9 03 eb 57 79 43 84 d2 41 8b c9 b8 10 00 00 


Register to memory mapping:

RAX=0x0000000013140000 is an unknown value
RBX=
[error occurred during error reporting (printing register info), id 0xc0000005]

Stack: [0x0000000012cc0000,0x0000000012dc0000],  sp=0x0000000012dbf790,  free space=1021k
Native frames: (J=compiled Java code, j=interpreted, Vv=VM code, C=native code)
V  [jvm.dll+0x11467b]
V  [jvm.dll+0x3f7a50]
V  [jvm.dll+0x3f5360]
V  [jvm.dll+0x3f25ce]
V  [jvm.dll+0x29c18a]
C  [msvcr100.dll+0x21d9f]
C  [msvcr100.dll+0x21e3b]
C  [kernel32.dll+0x159cd]
C  [ntdll.dll+0x2a561]


---------------  P R O C E S S  ---------------

Java Threads: ( => current thread )
  0x000000001f8c3800 JavaThread "pool-1-thread-1" [_thread_blocked, id=7632, stack(0x0000000022330000,0x0000000022430000)]
  0x000000001e58d800 JavaThread "pool-2-thread-4" [_thread_blocked, id=10716, stack(0x000000001f270000,0x000000001f370000)]
  0x000000001e6d9000 JavaThread "pool-2-thread-3" [_thread_blocked, id=11012, stack(0x000000001e1b0000,0x000000001e2b0000)]
  0x000000001e6d8000 JavaThread "pool-2-thread-2" [_thread_blocked, id=8412, stack(0x000000001f0b0000,0x000000001f1b0000)]
  0x000000001e658800 JavaThread "pool-3-thread-1" [_thread_blocked, id=9408, stack(0x000000001efa0000,0x000000001f0a0000)]
  0x000000001e655800 JavaThread "pool-2-thread-1" [_thread_blocked, id=4940, stack(0x000000001ee10000,0x000000001ef10000)]
  0x000000001d754800 JavaThread "Service Thread" daemon [_thread_blocked, id=10344, stack(0x000000001e2e0000,0x000000001e3e0000)]
  0x000000001d6c9800 JavaThread "C1 CompilerThread2" daemon [_thread_blocked, id=10644, stack(0x000000001e010000,0x000000001e110000)]
  0x000000001d6c8000 JavaThread "C2 CompilerThread1" daemon [_thread_blocked, id=3392, stack(0x000000001dee0000,0x000000001dfe0000)]
  0x000000001c33b800 JavaThread "C2 CompilerThread0" daemon [_thread_blocked, id=6924, stack(0x000000001ddb0000,0x000000001deb0000)]
  0x000000001d6ba800 JavaThread "Attach Listener" daemon [_thread_blocked, id=8336, stack(0x000000001dc40000,0x000000001dd40000)]
  0x000000001c32d000 JavaThread "Signal Dispatcher" daemon [_thread_blocked, id=6376, stack(0x000000001dad0000,0x000000001dbd0000)]
  0x000000001c319000 JavaThread "Finalizer" daemon [_thread_blocked, id=9608, stack(0x000000001d5b0000,0x000000001d6b0000)]
  0x000000001c2d2000 JavaThread "Reference Handler" daemon [_thread_blocked, id=8556, stack(0x000000001d430000,0x000000001d530000)]
  0x0000000001ebe800 JavaThread "main" [_thread_blocked, id=10932, stack(0x0000000002790000,0x0000000002890000)]

Other Threads:
  0x000000001c2ca800 VMThread [stack: 0x000000001d220000,0x000000001d320000] [id=8908]
  0x000000001d7e3000 WatcherThread [stack: 0x000000001e450000,0x000000001e550000] [id=9956]

=>0x000000000265e000 (exited) GCTaskThread [stack: 0x0000000012cc0000,0x0000000012dc0000] [id=6776]

VM state:at safepoint (normal execution)

VM Mutex/Monitor currently owned by a thread:  ([mutex/lock_event])
[0x0000000001ebc260] Threads_lock - owner thread: 0x000000001c2ca800
[0x0000000001ebc760] Heap_lock - owner thread: 0x0000000001ebe800

Heap:
 PSYoungGen      total 1121280K, used 113683K [0x000000076ab00000, 0x00000007c0000000, 0x00000007c0000000)
  eden space 844800K, 0% used [0x000000076ab00000,0x000000076ab00000,0x000000079e400000)
  from space 276480K, 41% used [0x000000079e400000,0x00000007a5304e50,0x00000007af200000)
  to   space 264192K, 0% used [0x00000007afe00000,0x00000007afe00000,0x00000007c0000000)
 ParOldGen       total 799744K, used 799635K [0x00000006c0000000, 0x00000006f0d00000, 0x000000076ab00000)
  object space 799744K, 99% used [0x00000006c0000000,0x00000006f0ce4e88,0x00000006f0d00000)
 Metaspace       used 6727K, capacity 7448K, committed 7680K, reserved 1056768K
  class space    used 629K, capacity 656K, committed 768K, reserved 1048576K

Card table byte_map: [0x0000000011d10000,0x0000000012520000] byte_map_base: 0x000000000e710000

Marking Bits: (ParMarkBitMap*) 0x000000006178a6d0
 Begin Bits: [0x0000000013140000, 0x0000000017140000)
 End Bits:   [0x0000000017140000, 0x000000001b140000)

Polling page: 0x0000000000150000

CodeCache: size=245760Kb used=12548Kb max_used=15466Kb free=233211Kb
 bounds [0x0000000002950000, 0x0000000003880000, 0x0000000011950000]
 total_blobs=2918 nmethods=2652 adapters=178
 compilation: enabled

Compilation events (10 events):
Event: 21.922 Thread 0x000000001d6c9800 3625       3       com.android.dx.cf.code.Ropper::access$300 (6 bytes)
Event: 21.922 Thread 0x000000001d6c9800 nmethod 3625 0x0000000002e20790 code [0x0000000002e20900, 0x0000000002e20a68]
Event: 21.922 Thread 0x000000001d6c9800 3622       3       com.android.dx.cf.code.LocalsArraySet::copy (9 bytes)
Event: 21.922 Thread 0x000000001d6c9800 nmethod 3622 0x0000000002f6b8d0 code [0x0000000002f6ba40, 0x0000000002f6bc28]
Event: 21.925 Thread 0x000000001d6c9800 3627       3       java.util.concurrent.ThreadPoolExecutor::reject (12 bytes)
Event: 21.925 Thread 0x000000001d6c9800 nmethod 3627 0x0000000003762290 code [0x0000000003762400, 0x0000000003762628]
Event: 21.929 Thread 0x000000001c33b800 3628       4       com.android.dx.rop.code.Insn::contentEquals (84 bytes)
Event: 21.940 Thread 0x000000001c33b800 nmethod 3628 0x0000000003248010 code [0x00000000032481c0, 0x0000000003248e98]
Event: 21.956 Thread 0x000000001d6c9800 3629       3       com.android.dx.rop.code.CstInsn::contentEquals (31 bytes)
Event: 21.957 Thread 0x000000001d6c9800 nmethod 3629 0x0000000003177210 code [0x00000000031773a0, 0x0000000003177838]

GC Heap History (10 events):
Event: 14.830 GC heap after
Heap after GC invocations=17 (full 4):
 PSYoungGen      total 878592K, used 6876K [0x000000076ab00000, 0x00000007b4d80000, 0x00000007c0000000)
  eden space 710144K, 0% used [0x000000076ab00000,0x000000076ab00000,0x0000000796080000)
  from space 168448K, 4% used [0x0000000796080000,0x0000000796737058,0x00000007a0500000)
  to   space 169472K, 0% used [0x00000007aa800000,0x00000007aa800000,0x00000007b4d80000)
 ParOldGen       total 726016K, used 470751K [0x00000006c0000000, 0x00000006ec500000, 0x000000076ab00000)
  object space 726016K, 64% used [0x00000006c0000000,0x00000006dcbb7e88,0x00000006ec500000)
 Metaspace       used 6580K, capacity 7320K, committed 7680K, reserved 1056768K
  class space    used 622K, capacity 656K, committed 768K, reserved 1048576K
}
Event: 15.832 GC heap before
{Heap before GC invocations=18 (full 4):
 PSYoungGen      total 878592K, used 717020K [0x000000076ab00000, 0x00000007b4d80000, 0x00000007c0000000)
  eden space 710144K, 100% used [0x000000076ab00000,0x0000000796080000,0x0000000796080000)
  from space 168448K, 4% used [0x0000000796080000,0x0000000796737058,0x00000007a0500000)
  to   space 169472K, 0% used [0x00000007aa800000,0x00000007aa800000,0x00000007b4d80000)
 ParOldGen       total 726016K, used 470751K [0x00000006c0000000, 0x00000006ec500000, 0x000000076ab00000)
  object space 726016K, 64% used [0x00000006c0000000,0x00000006dcbb7e88,0x00000006ec500000)
 Metaspace       used 6592K, capacity 7384K, committed 7680K, reserved 1056768K
  class space    used 623K, capacity 656K, committed 768K, reserved 1048576K
Event: 15.985 GC heap after
Heap after GC invocations=18 (full 4):
 PSYoungGen      total 955392K, used 87488K [0x000000076ab00000, 0x00000007b2080000, 0x00000007c0000000)
  eden space 832000K, 0% used [0x000000076ab00000,0x000000076ab00000,0x000000079d780000)
  from space 123392K, 70% used [0x00000007aa800000,0x00000007afd70028,0x00000007b2080000)
  to   space 168448K, 0% used [0x000000079d780000,0x000000079d780000,0x00000007a7c00000)
 ParOldGen       total 726016K, used 470759K [0x00000006c0000000, 0x00000006ec500000, 0x000000076ab00000)
  object space 726016K, 64% used [0x00000006c0000000,0x00000006dcbb9e88,0x00000006ec500000)
 Metaspace       used 6592K, capacity 7384K, committed 7680K, reserved 1056768K
  class space    used 623K, capacity 656K, committed 768K, reserved 1048576K
}
Event: 17.166 GC heap before
{Heap before GC invocations=19 (full 4):
 PSYoungGen      total 955392K, used 919488K [0x000000076ab00000, 0x00000007b2080000, 0x00000007c0000000)
  eden space 832000K, 100% used [0x000000076ab00000,0x000000079d780000,0x000000079d780000)
  from space 123392K, 70% used [0x00000007aa800000,0x00000007afd70028,0x00000007b2080000)
  to   space 168448K, 0% used [0x000000079d780000,0x000000079d780000,0x00000007a7c00000)
 ParOldGen       total 726016K, used 470759K [0x00000006c0000000, 0x00000006ec500000, 0x000000076ab00000)
  object space 726016K, 64% used [0x00000006c0000000,0x00000006dcbb9e88,0x00000006ec500000)
 Metaspace       used 6593K, capacity 7384K, committed 7680K, reserved 1056768K
  class space    used 623K, capacity 656K, committed 768K, reserved 1048576K
Event: 17.862 GC heap after
Heap after GC invocations=19 (full 4):
 PSYoungGen      total 1000448K, used 168423K [0x000000076ab00000, 0x00000007c0000000, 0x00000007c0000000)
  eden space 832000K, 0% used [0x000000076ab00000,0x000000076ab00000,0x000000079d780000)
  from space 168448K, 99% used [0x000000079d780000,0x00000007a7bf9e98,0x00000007a7c00000)
  to   space 210944K, 0% used [0x00000007b3200000,0x00000007b3200000,0x00000007c0000000)
 ParOldGen       total 726016K, used 509962K [0x00000006c0000000, 0x00000006ec500000, 0x000000076ab00000)
  object space 726016K, 70% used [0x00000006c0000000,0x00000006df202be8,0x00000006ec500000)
 Metaspace       used 6593K, capacity 7384K, committed 7680K, reserved 1056768K
  class space    used 623K, capacity 656K, committed 768K, reserved 1048576K
}
Event: 19.050 GC heap before
{Heap before GC invocations=20 (full 4):
 PSYoungGen      total 1000448K, used 1000423K [0x000000076ab00000, 0x00000007c0000000, 0x00000007c0000000)
  eden space 832000K, 100% used [0x000000076ab00000,0x000000079d780000,0x000000079d780000)
  from space 168448K, 99% used [0x000000079d780000,0x00000007a7bf9e98,0x00000007a7c00000)
  to   space 210944K, 0% used [0x00000007b3200000,0x00000007b3200000,0x00000007c0000000)
 ParOldGen       total 726016K, used 509962K [0x00000006c0000000, 0x00000006ec500000, 0x000000076ab00000)
  object space 726016K, 70% used [0x00000006c0000000,0x00000006df202be8,0x00000006ec500000)
 Metaspace       used 6672K, capacity 7384K, committed 7680K, reserved 1056768K
  class space    used 627K, capacity 656K, committed 768K, reserved 1048576K
Event: 20.341 GC heap after
Heap after GC invocations=20 (full 4):
 PSYoungGen      total 1055744K, used 210940K [0x000000076ab00000, 0x00000007c0000000, 0x00000007c0000000)
  eden space 844800K, 0% used [0x000000076ab00000,0x000000076ab00000,0x000000079e400000)
  from space 210944K, 99% used [0x00000007b3200000,0x00000007bffff060,0x00000007c0000000)
  to   space 276480K, 0% used [0x000000079e400000,0x000000079e400000,0x00000007af200000)
 ParOldGen       total 726016K, used 589906K [0x00000006c0000000, 0x00000006ec500000, 0x000000076ab00000)
  object space 726016K, 81% used [0x00000006c0000000,0x00000006e40148e8,0x00000006ec500000)
 Metaspace       used 6672K, capacity 7384K, committed 7680K, reserved 1056768K
  class space    used 627K, capacity 656K, committed 768K, reserved 1048576K
}
Event: 21.968 GC heap before
{Heap before GC invocations=21 (full 4):
 PSYoungGen      total 1055744K, used 1055740K [0x000000076ab00000, 0x00000007c0000000, 0x00000007c0000000)
  eden space 844800K, 100% used [0x000000076ab00000,0x000000079e400000,0x000000079e400000)
  from space 210944K, 99% used [0x00000007b3200000,0x00000007bffff060,0x00000007c0000000)
  to   space 276480K, 0% used [0x000000079e400000,0x000000079e400000,0x00000007af200000)
 ParOldGen       total 726016K, used 589906K [0x00000006c0000000, 0x00000006ec500000, 0x000000076ab00000)
  object space 726016K, 81% used [0x00000006c0000000,0x00000006e40148e8,0x00000006ec500000)
 Metaspace       used 6727K, capacity 7448K, committed 7680K, reserved 1056768K
  class space    used 629K, capacity 656K, committed 768K, reserved 1048576K
Event: 22.851 GC heap after
Heap after GC invocations=21 (full 4):
 PSYoungGen      total 1121280K, used 113683K [0x000000076ab00000, 0x00000007c0000000, 0x00000007c0000000)
  eden space 844800K, 0% used [0x000000076ab00000,0x000000076ab00000,0x000000079e400000)
  from space 276480K, 41% used [0x000000079e400000,0x00000007a5304e50,0x00000007af200000)
  to   space 264192K, 0% used [0x00000007afe00000,0x00000007afe00000,0x00000007c0000000)
 ParOldGen       total 799744K, used 799635K [0x00000006c0000000, 0x00000006f0d00000, 0x000000076ab00000)
  object space 799744K, 99% used [0x00000006c0000000,0x00000006f0ce4e88,0x00000006f0d00000)
 Metaspace       used 6727K, capacity 7448K, committed 7680K, reserved 1056768K
  class space    used 629K, capacity 656K, committed 768K, reserved 1048576K
}
Event: 22.851 GC heap before
{Heap before GC invocations=22 (full 5):
 PSYoungGen      total 1121280K, used 113683K [0x000000076ab00000, 0x00000007c0000000, 0x00000007c0000000)
  eden space 844800K, 0% used [0x000000076ab00000,0x000000076ab00000,0x000000079e400000)
  from space 276480K, 41% used [0x000000079e400000,0x00000007a5304e50,0x00000007af200000)
  to   space 264192K, 0% used [0x00000007afe00000,0x00000007afe00000,0x00000007c0000000)
 ParOldGen       total 799744K, used 799635K [0x00000006c0000000, 0x00000006f0d00000, 0x000000076ab00000)
  object space 799744K, 99% used [0x00000006c0000000,0x00000006f0ce4e88,0x00000006f0d00000)
 Metaspace       used 6727K, capacity 7448K, committed 7680K, reserved 1056768K
  class space    used 629K, capacity 656K, committed 768K, reserved 1048576K

Deoptimization events (10 events):
Event: 21.892 Thread 0x000000001e6d8000 Uncommon trap: reason=class_check action=maybe_recompile pc=0x00000000034ab77c method=com.android.dx.cf.code.Frame.mergeWith(Lcom/android/dx/cf/code/Frame;)Lcom/android/dx/cf/code/Frame; @ 8
Event: 21.892 Thread 0x000000001e6d8000 Uncommon trap: reason=class_check action=maybe_recompile pc=0x00000000034ab77c method=com.android.dx.cf.code.Frame.mergeWith(Lcom/android/dx/cf/code/Frame;)Lcom/android/dx/cf/code/Frame; @ 8
Event: 21.892 Thread 0x000000001e6d8000 Uncommon trap: reason=class_check action=maybe_recompile pc=0x00000000034ab77c method=com.android.dx.cf.code.Frame.mergeWith(Lcom/android/dx/cf/code/Frame;)Lcom/android/dx/cf/code/Frame; @ 8
Event: 21.893 Thread 0x000000001e6d8000 Uncommon trap: reason=speculate_class_check action=maybe_recompile pc=0x0000000002b20558 method=com.android.dx.rop.code.Insn.contentEquals(Lcom/android/dx/rop/code/Insn;)Z @ 65
Event: 21.893 Thread 0x000000001e6d8000 Uncommon trap: reason=unstable_if action=reinterpret pc=0x0000000002e26378 method=com.android.dx.rop.code.CstInsn.contentEquals(Lcom/android/dx/rop/code/Insn;)Z @ 5
Event: 21.897 Thread 0x000000001e6d8000 Uncommon trap: reason=speculate_class_check action=maybe_recompile pc=0x0000000002b20558 method=com.android.dx.rop.code.Insn.contentEquals(Lcom/android/dx/rop/code/Insn;)Z @ 65
Event: 21.898 Thread 0x000000001e6d8000 Uncommon trap: reason=speculate_class_check action=maybe_recompile pc=0x0000000002b20558 method=com.android.dx.rop.code.Insn.contentEquals(Lcom/android/dx/rop/code/Insn;)Z @ 65
Event: 21.898 Thread 0x000000001e6d8000 Uncommon trap: reason=speculate_class_check action=maybe_recompile pc=0x0000000002b20558 method=com.android.dx.rop.code.Insn.contentEquals(Lcom/android/dx/rop/code/Insn;)Z @ 65
Event: 21.928 Thread 0x000000001e6d9000 Uncommon trap: reason=speculate_class_check action=maybe_recompile pc=0x0000000003387680 method=com.android.dx.rop.code.Insn.contentEquals(Lcom/android/dx/rop/code/Insn;)Z @ 69
Event: 21.928 Thread 0x000000001e6d9000 Uncommon trap: reason=speculate_class_check action=maybe_recompile pc=0x0000000003387680 method=com.android.dx.rop.code.Insn.contentEquals(Lcom/android/dx/rop/code/Insn;)Z @ 69

Internal exceptions (10 events):
Event: 0.026 Thread 0x0000000001ebe800 Exception <a 'java/lang/NoSuchMethodError': Method sun.misc.Unsafe.prefetchRead(Ljava/lang/Object;J)V name or signature does not match> (0x000000076ab07fa8) thrown at [C:\re\workspace\8-2-build-windows-amd64-cygwin\jdk8u101\7261\hotspot\src\share\vm\prims\¬Ëöl=›Ã?
Event: 0.153 Thread 0x0000000001ebe800 Implicit null exception at 0x0000000002abddf8 to 0x0000000002abe411
Event: 0.542 Thread 0x000000001e58d800 Implicit null exception at 0x0000000002ca3aa2 to 0x0000000002ca3ba2
Event: 0.625 Thread 0x000000001e655800 Implicit null exception at 0x0000000002dc2c6d to 0x0000000002dc3c31
Event: 0.941 Thread 0x000000001e6d8000 Exception <a 'java/lang/ArrayIndexOutOfBoundsException': 18> (0x000000076b283980) thrown at [C:\re\workspace\8-2-build-windows-amd64-cygwin\jdk8u101\7261\hotspot\src\share\vm\interpreter\interpreterRuntime.cpp, line 366]
Event: 0.941 Thread 0x000000001e6d8000 Exception <a 'java/lang/ArrayIndexOutOfBoundsException': 145> (0x000000076b285500) thrown at [C:\re\workspace\8-2-build-windows-amd64-cygwin\jdk8u101\7261\hotspot\src\share\vm\interpreter\interpreterRuntime.cpp, line 366]
Event: 0.942 Thread 0x000000001e6d8000 Exception <a 'java/lang/ArrayIndexOutOfBoundsException'> (0x000000076b2867e8) thrown at [C:\re\workspace\8-2-build-windows-amd64-cygwin\jdk8u101\7261\hotspot\src\share\vm\runtime\sharedRuntime.cpp, line 605]
Event: 7.404 Thread 0x000000001e6d8000 Implicit null exception at 0x000000000346cc40 to 0x0000000003472091
Event: 7.653 Thread 0x0000000001ebe800 Implicit null exception at 0x0000000002acbd18 to 0x0000000002acc699
Event: 9.610 Thread 0x0000000001ebe800 Implicit null exception at 0x0000000003634cd0 to 0x00000000036354f9

Events (10 events):
Event: 21.898 Thread 0x0000000001ebe800 DEOPT UNPACKING pc=0x000000000299787f sp=0x000000000288db40 mode 0
Event: 21.909 Thread 0x0000000001ebe800 DEOPT PACKING pc=0x00000000033d3acf sp=0x000000000288dfb0
Event: 21.909 Thread 0x0000000001ebe800 DEOPT UNPACKING pc=0x000000000299787f sp=0x000000000288dce0 mode 0
Event: 21.928 Thread 0x000000001e6d9000 Uncommon trap: trap_request=0xffffff76 fr.pc=0x0000000003387680
Event: 21.928 Thread 0x000000001e6d9000 DEOPT PACKING pc=0x0000000003387680 sp=0x000000001e2ae820
Event: 21.928 Thread 0x000000001e6d9000 DEOPT UNPACKING pc=0x000000000299582a sp=0x000000001e2ae7f0 mode 2
Event: 21.928 Thread 0x000000001e6d9000 Uncommon trap: trap_request=0xffffff76 fr.pc=0x0000000003387680
Event: 21.929 Thread 0x000000001e6d9000 DEOPT PACKING pc=0x0000000003387680 sp=0x000000001e2ae820
Event: 21.929 Thread 0x000000001e6d9000 DEOPT UNPACKING pc=0x000000000299582a sp=0x000000001e2ae7f0 mode 2
Event: 21.968 Executing VM operation: ParallelGCFailedAllocation


Dynamic libraries:
0x000000013fd30000 - 0x000000013fd67000 	F:\wesley\jdk_8u101\jdk\bin\java.exe
0x0000000077610000 - 0x00000000777ba000 	C:\Windows\SYSTEM32\ntdll.dll
0x0000000077390000 - 0x00000000774af000 	C:\Windows\system32\kernel32.dll
0x000007fefdb50000 - 0x000007fefdbba000 	C:\Windows\system32\KERNELBASE.dll
0x000007fefe0d0000 - 0x000007fefe1ab000 	C:\Windows\system32\ADVAPI32.dll
0x000007fefdf90000 - 0x000007fefe02f000 	C:\Windows\system32\msvcrt.dll
0x000007feff120000 - 0x000007feff13f000 	C:\Windows\SYSTEM32\sechost.dll
0x000007feff380000 - 0x000007feff4ad000 	C:\Windows\system32\RPCRT4.dll
0x0000000077290000 - 0x000000007738a000 	C:\Windows\system32\USER32.dll
0x000007feff620000 - 0x000007feff687000 	C:\Windows\system32\GDI32.dll
0x000007fefde70000 - 0x000007fefde7e000 	C:\Windows\system32\LPK.dll
0x000007feff260000 - 0x000007feff32b000 	C:\Windows\system32\USP10.dll
0x000007fefc520000 - 0x000007fefc714000 	C:\Windows\WinSxS\amd64_microsoft.windows.common-controls_6595b64144ccf1df_6.0.7601.18837_none_fa3b1e3d17594757\COMCTL32.dll
0x000007feff140000 - 0x000007feff1b1000 	C:\Windows\system32\SHLWAPI.dll
0x000007fefd910000 - 0x000007fefd967000 	C:\Windows\system32\apphelp.dll
0x000007fef2c50000 - 0x000007fef2ca1000 	C:\Windows\AppPatch\AppPatch64\AcGenral.DLL
0x000007fefd8e0000 - 0x000007fefd905000 	C:\Windows\system32\SspiCli.dll
0x000007feff6c0000 - 0x000007feff8bc000 	C:\Windows\system32\ole32.dll
0x000007fefe1b0000 - 0x000007fefef3b000 	C:\Windows\system32\SHELL32.dll
0x0000000071bb0000 - 0x0000000071bb3000 	C:\Windows\system32\sfc.dll
0x000007fef9e40000 - 0x000007fef9e50000 	C:\Windows\system32\sfc_os.DLL
0x000007fefcda0000 - 0x000007fefcdbe000 	C:\Windows\system32\USERENV.dll
0x000007fefda80000 - 0x000007fefda8f000 	C:\Windows\system32\profapi.dll
0x000007fefbe00000 - 0x000007fefbe18000 	C:\Windows\system32\dwmapi.dll
0x000007fefa830000 - 0x000007fefa848000 	C:\Windows\system32\MPR.dll
0x000007feff690000 - 0x000007feff6be000 	C:\Windows\system32\IMM32.DLL
0x000007fefde80000 - 0x000007fefdf89000 	C:\Windows\system32\MSCTF.dll
0x0000000067b80000 - 0x0000000067c52000 	F:\wesley\jdk_8u101\jdk\jre\bin\msvcr100.dll
0x0000000060f70000 - 0x000000006180a000 	F:\wesley\jdk_8u101\jdk\jre\bin\server\jvm.dll
0x000007fef2c40000 - 0x000007fef2c49000 	C:\Windows\system32\WSOCK32.dll
0x000007feff330000 - 0x000007feff37d000 	C:\Windows\system32\WS2_32.dll
0x000007feff610000 - 0x000007feff618000 	C:\Windows\system32\NSI.dll
0x000007fefa7c0000 - 0x000007fefa7fb000 	C:\Windows\system32\WINMM.dll
0x000007fefcbb0000 - 0x000007fefcbbc000 	C:\Windows\system32\VERSION.dll
0x00000000777e0000 - 0x00000000777e7000 	C:\Windows\system32\PSAPI.DLL
0x000000006e5e0000 - 0x000000006e5ef000 	F:\wesley\jdk_8u101\jdk\jre\bin\verify.dll
0x0000000067b50000 - 0x0000000067b79000 	F:\wesley\jdk_8u101\jdk\jre\bin\java.dll
0x0000000067b30000 - 0x0000000067b46000 	F:\wesley\jdk_8u101\jdk\jre\bin\zip.dll
0x000007fef9d10000 - 0x000007fef9e35000 	C:\Windows\system32\dbghelp.dll

VM Arguments:
jvm_args: -Djava.awt.headless=true -Xmx4g -Dfile.encoding=GBK -Duser.country=CN -Duser.language=zh -Duser.variant 
java_command: com.android.dx.command.Main --dex --num-threads=4 --multi-dex --main-dex-list F:\wesley\android_studio\workspace\zf_mobile_7.0\Zf_mobile\app\build\intermediates\multi-dex\prod\debug\maindexlist.txt --output F:\wesley\android_studio\workspace\zf_mobile_7.0\Zf_mobile\app\build\intermediates\transforms\dex\prod\debug\folders\1000\1f\main F:\wesley\android_studio\workspace\zf_mobile_7.0\Zf_mobile\app\build\intermediates\transforms\jarMerging\prod\debug\jars\1\1f\combined.jar
java_class_path (initial): C:\Users\Administrator\AppData\Local\Android\sdk\build-tools\25.0.2\lib\dx.jar
Launcher Type: SUN_STANDARD

Environment Variables:
JAVA_HOME=F:\wesley\jdk_8u101\jdk
PATH=F:\company_software\zhitu\image_magick\ImageMagick-7.0.1-Q16;F:\wesley\jdk_8u101\jdk\bin;C:\ProgramData\Oracle\Java\javapath;C:\Windows\system32;C:\Windows;C:\Windows\System32\Wbem;C:\Windows\System32\WindowsPowerShell\v1.0\;F:\wesley\svn_1.8.10\svn_1.8.10\bin;F:\wesley\git_2.10.0\git_2.10.0\Git\cmd
USERNAME=Administrator
OS=Windows_NT
PROCESSOR_IDENTIFIER=Intel64 Family 6 Model 60 Stepping 3, GenuineIntel



---------------  S Y S T E M  ---------------

OS: Windows 7 , 64 bit Build 7601 (6.1.7601.23807)

CPU:total 4 (4 cores per cpu, 1 threads per core) family 6 model 60 stepping 3, cmov, cx8, fxsr, mmx, sse, sse2, sse3, ssse3, sse4.1, sse4.2, popcnt, avx, avx2, aes, clmul, erms, lzcnt, tsc, tscinvbit, bmi1, bmi2

Memory: 4k page, physical 8281508k(24668k free), swap 16561156k(6183640k free)

vm_info: Java HotSpot(TM) 64-Bit Server VM (25.101-b13) for windows-amd64 JRE (1.8.0_101-b13), built on Jun 22 2016 01:21:29 by "java_re" with MS VC++ 10.0 (VS2010)

time: Tue Jul 18 17:00:38 2017
elapsed time: 23 seconds (0d 0h 0m 23s)

